[32m2024-09-26 00:27:50 -0500[0m - dagster - [34mDEBUG[0m - __ASSET_JOB - 844db87d-f3e2-41cb-8fc2-22afa164df9c - 59935 - LOGS_CAPTURED - Started capturing logs in process (pid: 59935).
[32m2024-09-26 00:27:50 -0500[0m - dagster - [34mDEBUG[0m - __ASSET_JOB - 844db87d-f3e2-41cb-8fc2-22afa164df9c - 59935 - clean_positions_dataframe - STEP_START - Started execution of step "clean_positions_dataframe".
[32m2024-09-26 00:27:50 -0500[0m - dagster - [34mDEBUG[0m - __ASSET_JOB - 844db87d-f3e2-41cb-8fc2-22afa164df9c - clean_positions_dataframe - Loading S3 object from: s3://research-scrape/dagster/position_csv_files
[32m2024-09-26 00:27:50 -0500[0m - dagster - [34mDEBUG[0m - __ASSET_JOB - 844db87d-f3e2-41cb-8fc2-22afa164df9c - 59935 - clean_positions_dataframe - LOADED_INPUT - Loaded input "position_csv_files" using input manager "io_manager"
[32m2024-09-26 00:27:50 -0500[0m - dagster - [34mDEBUG[0m - __ASSET_JOB - 844db87d-f3e2-41cb-8fc2-22afa164df9c - 59935 - clean_positions_dataframe - STEP_INPUT - Got input "position_csv_files" of type "dict". (Type check passed).
[32m2024-09-26 00:27:50 -0500[0m - dagster - [34mINFO[0m - __ASSET_JOB - 844db87d-f3e2-41cb-8fc2-22afa164df9c - clean_positions_dataframe - Loading data from local storage...
[32m2024-09-26 00:27:50 -0500[0m - dagster - [34mINFO[0m - __ASSET_JOB - 844db87d-f3e2-41cb-8fc2-22afa164df9c - clean_positions_dataframe - Reading file cl_wrappers_aws/data/positions/positions_pages_46_to_50.csv...
[32m2024-09-26 00:27:51 -0500[0m - dagster - [34mINFO[0m - __ASSET_JOB - 844db87d-f3e2-41cb-8fc2-22afa164df9c - clean_positions_dataframe - Reading file cl_wrappers_aws/data/positions/positions_pages_6_to_10.csv...
[32m2024-09-26 00:27:51 -0500[0m - dagster - [34mINFO[0m - __ASSET_JOB - 844db87d-f3e2-41cb-8fc2-22afa164df9c - clean_positions_dataframe - Reading file cl_wrappers_aws/data/positions/positions_pages_36_to_40.csv...
[32m2024-09-26 00:27:51 -0500[0m - dagster - [34mINFO[0m - __ASSET_JOB - 844db87d-f3e2-41cb-8fc2-22afa164df9c - clean_positions_dataframe - Reading file cl_wrappers_aws/data/positions/positions_pages_16_to_20.csv...
[32m2024-09-26 00:27:51 -0500[0m - dagster - [34mINFO[0m - __ASSET_JOB - 844db87d-f3e2-41cb-8fc2-22afa164df9c - clean_positions_dataframe - Reading file cl_wrappers_aws/data/positions/positions_pages_56_to_60.csv...
[32m2024-09-26 00:27:51 -0500[0m - dagster - [34mINFO[0m - __ASSET_JOB - 844db87d-f3e2-41cb-8fc2-22afa164df9c - clean_positions_dataframe - Reading file cl_wrappers_aws/data/positions/positions_pages_41_to_45.csv...
[32m2024-09-26 00:27:51 -0500[0m - dagster - [34mINFO[0m - __ASSET_JOB - 844db87d-f3e2-41cb-8fc2-22afa164df9c - clean_positions_dataframe - Reading file cl_wrappers_aws/data/positions/positions_pages_31_to_35.csv...
[32m2024-09-26 00:27:51 -0500[0m - dagster - [34mINFO[0m - __ASSET_JOB - 844db87d-f3e2-41cb-8fc2-22afa164df9c - clean_positions_dataframe - Reading file cl_wrappers_aws/data/positions/positions_pages_26_to_30.csv...
[32m2024-09-26 00:27:51 -0500[0m - dagster - [34mINFO[0m - __ASSET_JOB - 844db87d-f3e2-41cb-8fc2-22afa164df9c - clean_positions_dataframe - Reading file cl_wrappers_aws/data/positions/positions_pages_21_to_25.csv...
[32m2024-09-26 00:27:51 -0500[0m - dagster - [34mINFO[0m - __ASSET_JOB - 844db87d-f3e2-41cb-8fc2-22afa164df9c - clean_positions_dataframe - Reading file cl_wrappers_aws/data/positions/positions_pages_61_to_65.csv...
[32m2024-09-26 00:27:51 -0500[0m - dagster - [34mINFO[0m - __ASSET_JOB - 844db87d-f3e2-41cb-8fc2-22afa164df9c - clean_positions_dataframe - Reading file cl_wrappers_aws/data/positions/positions_pages_1_to_5.csv...
[32m2024-09-26 00:27:51 -0500[0m - dagster - [34mINFO[0m - __ASSET_JOB - 844db87d-f3e2-41cb-8fc2-22afa164df9c - clean_positions_dataframe - Reading file cl_wrappers_aws/data/positions/positions_pages_51_to_55.csv...
[32m2024-09-26 00:27:51 -0500[0m - dagster - [34mINFO[0m - __ASSET_JOB - 844db87d-f3e2-41cb-8fc2-22afa164df9c - clean_positions_dataframe - Reading file cl_wrappers_aws/data/positions/positions_pages_11_to_15.csv...
[32m2024-09-26 00:27:51 -0500[0m - dagster - [34mINFO[0m - __ASSET_JOB - 844db87d-f3e2-41cb-8fc2-22afa164df9c - clean_positions_dataframe - Total unique positions: 147
[32m2024-09-26 00:27:51 -0500[0m - dagster - [34mINFO[0m - __ASSET_JOB - 844db87d-f3e2-41cb-8fc2-22afa164df9c - clean_positions_dataframe - Total unique positions with 'jus', 'jud', or 'mag': 18
[32m2024-09-26 00:27:51 -0500[0m - dagster - [34mINFO[0m - __ASSET_JOB - 844db87d-f3e2-41cb-8fc2-22afa164df9c - clean_positions_dataframe - Saving the dataframe in local storage...
[32m2024-09-26 00:27:51 -0500[0m - dagster - [34mINFO[0m - __ASSET_JOB - 844db87d-f3e2-41cb-8fc2-22afa164df9c - clean_positions_dataframe - Dataframe with size 44520 cleaned and saved successfully.
[32m2024-09-26 00:27:51 -0500[0m - dagster - [34mDEBUG[0m - __ASSET_JOB - 844db87d-f3e2-41cb-8fc2-22afa164df9c - 59935 - clean_positions_dataframe - STEP_OUTPUT - Yielded output "result" of type "DataFrame". (Type check passed).
[32m2024-09-26 00:27:51 -0500[0m - dagster - [34mDEBUG[0m - __ASSET_JOB - 844db87d-f3e2-41cb-8fc2-22afa164df9c - clean_positions_dataframe - Writing S3 object at: s3://research-scrape/dagster/clean_positions_dataframe
[32m2024-09-26 00:27:53 -0500[0m - dagster - [34mDEBUG[0m - __ASSET_JOB - 844db87d-f3e2-41cb-8fc2-22afa164df9c - 59935 - clean_positions_dataframe - ASSET_MATERIALIZATION - Materialized value clean_positions_dataframe.
[32m2024-09-26 00:27:53 -0500[0m - dagster - [34mDEBUG[0m - __ASSET_JOB - 844db87d-f3e2-41cb-8fc2-22afa164df9c - 59935 - clean_positions_dataframe - HANDLED_OUTPUT - Handled output "result" using IO manager "io_manager"
[32m2024-09-26 00:27:53 -0500[0m - dagster - [34mDEBUG[0m - __ASSET_JOB - 844db87d-f3e2-41cb-8fc2-22afa164df9c - 59935 - clean_positions_dataframe - STEP_SUCCESS - Finished execution of step "clean_positions_dataframe" in 2.73s.
